<?xml version="1.0" encoding="UTF-8"?>
<!-- Generated by org.testng.reporters.JUnitXMLReporter -->
<testsuite hostname="Elijahs-MBP" ignored="0" name="Default test" tests="8" failures="0" timestamp="10 Jul 2017 15:13:45 GMT" time="54.314" errors="0">
  <testcase name="AutoTest1" time="0.302" classname="MavenTest.Testreport.AppTest"/>
  <testcase name="verifyPostCodeBox" time="0.278" classname="MavenTest.Testreport.AppTest"/>
  <testcase name="SelectDistance" time="2.191" classname="MavenTest.Testreport.AppTest"/>
  <testcase name="SelectMake" time="0.55" classname="MavenTest.Testreport.AppTest"/>
  <testcase name="SelectAshtonTyp" time="0.493" classname="MavenTest.Testreport.AppTest"/>
  <testcase name="SelectSearch" time="11.444" classname="MavenTest.Testreport.AppTest"/>
  <testcase name="SelectAsht" time="6.899" classname="MavenTest.Testreport.AppTest"/>
  <testcase name="SelectAshtd" time="0.213" classname="MavenTest.Testreport.AppTest"/>
</testsuite> <!-- Default test -->
